2018-11-11-20:50|Sample files/Local Disk/Documents/FL 01 GR_01 Flowdiagram Produktion af saltfisk.pdf|ændret|nads
2018-11-12-10:19|Tample files/Local Disk/Documents/FL 01 GR_01 Flowdiagram Produktion af saltfisk.pdf|ændret|mads
2018-11-12-10:27|ample files/Local Disk/Documents/FL 01 GR_01 Flowdiagram Produktion af saltfisk.pdf|ændret|mads
2018-11-12-14:29|bitch0|tilføjet|mads
2018-11-12-14:29|bitch1|tilføjet|mads
2018-11-12-14:29|bitch2|tilføjet|mads
2018-11-12-14:29|bitch3|tilføjet|mads
2018-11-12-14:29|bitch4|tilføjet|mads
2018-11-12-14:29|bitch5|tilføjet|mads
2018-11-12-14:29|bitch6|tilføjet|mads
2018-11-12-14:29|bitch7|tilføjet|mads
2018-11-12-14:29|bitch8|tilføjet|mads
2018-11-12-14:29|bitch9|tilføjet|mads
2018-11-12-14:29|bitch10|tilføjet|mads
2018-11-12-14:29|bitch11|tilføjet|mads
2018-11-12-14:29|bitch12|tilføjet|mads
2018-11-12-14:29|bitch13|tilføjet|mads
2018-11-12-14:29|bitch14|tilføjet|mads
2018-11-12-14:29|bitch15|tilføjet|mads
2018-11-12-14:29|bitch16|tilføjet|mads
2018-11-12-14:29|bitch17|tilføjet|mads
2018-11-12-14:29|bitch18|tilføjet|mads
2018-11-12-14:29|bitch19|tilføjet|mads
2018-11-12-14:29|bitch20|tilføjet|mads
2018-11-12-14:29|bitch21|tilføjet|mads
2018-11-12-14:29|bitch22|tilføjet|mads
2018-11-12-14:29|bitch23|tilføjet|mads
2018-11-12-14:29|bitch24|tilføjet|mads
2018-11-12-14:29|bitch25|tilføjet|mads
2018-11-12-14:29|bitch26|tilføjet|mads
2018-11-12-14:29|bitch27|tilføjet|mads
2018-11-12-14:29|bitch28|tilføjet|mads
2018-11-12-14:29|bitch29|tilføjet|mads
2018-11-12-14:29|bitch30|tilføjet|mads
2018-11-12-14:29|bitch31|tilføjet|mads
2018-11-12-14:29|bitch32|tilføjet|mads
2018-11-12-14:29|bitch33|tilføjet|mads
2018-11-12-14:29|bitch34|tilføjet|mads
2018-11-12-14:29|bitch35|tilføjet|mads
2018-11-12-14:29|bitch36|tilføjet|mads
2018-11-12-14:29|bitch37|tilføjet|mads
2018-11-12-14:29|bitch38|tilføjet|mads
2018-11-12-14:29|bitch39|tilføjet|mads
2018-11-12-14:29|bitch40|tilføjet|mads
2018-11-12-14:29|bitch41|tilføjet|mads
2018-11-12-14:29|bitch42|tilføjet|mads
2018-11-12-14:29|bitch43|tilføjet|mads
2018-11-12-14:29|bitch44|tilføjet|mads
2018-11-12-14:29|bitch45|tilføjet|mads
2018-11-12-14:29|bitch46|tilføjet|mads
2018-11-12-14:29|bitch47|tilføjet|mads
2018-11-12-14:29|bitch48|tilføjet|mads
2018-11-12-14:29|bitch49|tilføjet|mads
2018-11-12-14:29|bitch50|tilføjet|mads
2018-11-12-14:29|bitch51|tilføjet|mads
2018-11-12-14:29|bitch52|tilføjet|mads
2018-11-12-14:29|bitch53|tilføjet|mads
2018-11-12-14:29|bitch54|tilføjet|mads
2018-11-12-14:29|bitch55|tilføjet|mads
2018-11-12-14:29|bitch56|tilføjet|mads
2018-11-12-14:29|bitch57|tilføjet|mads
2018-11-12-14:29|bitch58|tilføjet|mads
2018-11-12-14:29|bitch59|tilføjet|mads
2018-11-12-14:29|bitch60|tilføjet|mads
2018-11-12-14:29|bitch61|tilføjet|mads
2018-11-12-14:29|bitch62|tilføjet|mads
2018-11-12-14:29|bitch63|tilføjet|mads
2018-11-12-14:29|bitch64|tilføjet|mads
2018-11-12-14:29|bitch65|tilføjet|mads
2018-11-12-14:29|bitch66|tilføjet|mads
2018-11-12-14:29|bitch67|tilføjet|mads
2018-11-12-14:29|bitch68|tilføjet|mads
2018-11-12-14:29|bitch69|tilføjet|mads
2018-11-12-14:29|bitch70|tilføjet|mads
2018-11-12-14:29|bitch71|tilføjet|mads
2018-11-12-14:29|bitch72|tilføjet|mads
2018-11-12-14:29|bitch73|tilføjet|mads
2018-11-12-14:29|bitch74|tilføjet|mads
2018-11-12-14:29|bitch75|tilføjet|mads
2018-11-12-14:29|bitch76|tilføjet|mads
2018-11-12-14:29|bitch77|tilføjet|mads
2018-11-12-14:29|bitch78|tilføjet|mads
2018-11-12-14:29|bitch79|tilføjet|mads
2018-11-12-14:29|bitch80|tilføjet|mads
2018-11-12-14:29|bitch81|tilføjet|mads
2018-11-12-14:29|bitch82|tilføjet|mads
2018-11-12-14:29|bitch83|tilføjet|mads
2018-11-12-14:29|bitch84|tilføjet|mads
2018-11-12-14:29|bitch85|tilføjet|mads
2018-11-12-14:29|bitch86|tilføjet|mads
2018-11-12-14:29|bitch87|tilføjet|mads
2018-11-12-14:29|bitch88|tilføjet|mads
2018-11-12-14:29|bitch89|tilføjet|mads
2018-11-12-14:29|bitch90|tilføjet|mads
2018-11-12-14:29|bitch91|tilføjet|mads
2018-11-12-14:29|bitch92|tilføjet|mads
2018-11-12-14:29|bitch93|tilføjet|mads
2018-11-12-14:29|bitch94|tilføjet|mads
2018-11-12-14:29|bitch95|tilføjet|mads
2018-11-12-14:29|bitch96|tilføjet|mads
2018-11-12-14:29|bitch97|tilføjet|mads
2018-11-12-14:29|bitch98|tilføjet|mads
2018-11-12-14:29|bitch99|tilføjet|mads
2018-11-12-14:29|bitch100|tilføjet|mads
2018-11-12-14:29|bitch101|tilføjet|mads
2018-11-12-14:29|bitch102|tilføjet|mads
2018-11-12-14:29|bitch103|tilføjet|mads
2018-11-12-14:29|bitch104|tilføjet|mads
2018-11-12-14:29|bitch105|tilføjet|mads
2018-11-12-14:29|bitch106|tilføjet|mads
2018-11-12-14:29|bitch107|tilføjet|mads
2018-11-12-14:29|bitch108|tilføjet|mads
2018-11-12-14:29|bitch109|tilføjet|mads
2018-11-12-14:29|bitch110|tilføjet|mads
2018-11-12-14:29|bitch111|tilføjet|mads
2018-11-12-14:29|bitch112|tilføjet|mads
2018-11-12-14:29|bitch113|tilføjet|mads
2018-11-12-14:29|bitch114|tilføjet|mads
2018-11-12-14:29|bitch115|tilføjet|mads
2018-11-12-14:29|bitch116|tilføjet|mads
2018-11-12-14:29|bitch117|tilføjet|mads
2018-11-12-14:29|bitch118|tilføjet|mads
2018-11-12-14:29|bitch119|tilføjet|mads
2018-11-12-14:29|bitch120|tilføjet|mads
2018-11-12-14:29|bitch121|tilføjet|mads
2018-11-12-14:29|bitch122|tilføjet|mads
2018-11-12-14:29|bitch123|tilføjet|mads
2018-11-12-14:29|bitch124|tilføjet|mads
2018-11-12-14:29|bitch125|tilføjet|mads
2018-11-12-14:29|bitch126|tilføjet|mads
2018-11-12-14:29|bitch127|tilføjet|mads
2018-11-12-14:29|bitch128|tilføjet|mads
2018-11-12-14:29|bitch129|tilføjet|mads
2018-11-12-14:29|bitch130|tilføjet|mads
2018-11-12-14:29|bitch131|tilføjet|mads
2018-11-12-14:29|bitch132|tilføjet|mads
2018-11-12-14:29|bitch133|tilføjet|mads
2018-11-12-14:29|bitch134|tilføjet|mads
2018-11-12-14:29|bitch135|tilføjet|mads
2018-11-12-14:29|bitch136|tilføjet|mads
2018-11-12-14:29|bitch137|tilføjet|mads
2018-11-12-14:29|bitch138|tilføjet|mads
2018-11-12-14:29|bitch139|tilføjet|mads
2018-11-12-14:29|bitch140|tilføjet|mads
2018-11-12-14:29|bitch141|tilføjet|mads
2018-11-12-14:29|bitch142|tilføjet|mads
2018-11-12-14:29|bitch143|tilføjet|mads
2018-11-12-14:29|bitch144|tilføjet|mads
2018-11-12-14:29|bitch145|tilføjet|mads
2018-11-12-14:29|bitch146|tilføjet|mads
2018-11-12-14:29|bitch147|tilføjet|mads
2018-11-12-14:29|bitch148|tilføjet|mads
2018-11-12-14:29|bitch149|tilføjet|mads
2018-11-12-14:29|bitch150|tilføjet|mads
2018-11-12-14:29|bitch151|tilføjet|mads
2018-11-12-14:29|bitch152|tilføjet|mads
2018-11-12-14:29|bitch153|tilføjet|mads
2018-11-12-14:29|bitch154|tilføjet|mads
2018-11-12-14:29|bitch155|tilføjet|mads
2018-11-12-14:29|bitch156|tilføjet|mads
2018-11-12-14:29|bitch157|tilføjet|mads
2018-11-12-14:29|bitch158|tilføjet|mads
2018-11-12-14:29|bitch159|tilføjet|mads
2018-11-12-14:29|bitch160|tilføjet|mads
2018-11-12-14:29|bitch161|tilføjet|mads
2018-11-12-14:29|bitch162|tilføjet|mads
2018-11-12-14:29|bitch163|tilføjet|mads
2018-11-12-14:29|bitch164|tilføjet|mads
2018-11-12-14:29|bitch165|tilføjet|mads
2018-11-12-14:29|bitch166|tilføjet|mads
2018-11-12-14:29|bitch167|tilføjet|mads
2018-11-12-14:29|bitch168|tilføjet|mads
2018-11-12-14:29|bitch169|tilføjet|mads
2018-11-12-14:29|bitch170|tilføjet|mads
2018-11-12-14:29|bitch171|tilføjet|mads
2018-11-12-14:29|bitch172|tilføjet|mads
2018-11-12-14:29|bitch173|tilføjet|mads
2018-11-12-14:29|bitch174|tilføjet|mads
2018-11-12-14:29|bitch175|tilføjet|mads
2018-11-12-14:29|bitch176|tilføjet|mads
2018-11-12-14:29|bitch177|tilføjet|mads
2018-11-12-14:29|bitch178|tilføjet|mads
2018-11-12-14:29|bitch179|tilføjet|mads
2018-11-12-14:29|bitch180|tilføjet|mads
2018-11-12-14:29|bitch181|tilføjet|mads
2018-11-12-14:29|bitch182|tilføjet|mads
2018-11-12-14:29|bitch183|tilføjet|mads
2018-11-12-14:29|bitch184|tilføjet|mads
2018-11-12-14:29|bitch185|tilføjet|mads
2018-11-12-14:29|bitch186|tilføjet|mads
2018-11-12-14:29|bitch187|tilføjet|mads
2018-11-12-14:29|bitch188|tilføjet|mads
2018-11-12-14:29|bitch189|tilføjet|mads
2018-11-12-14:29|bitch190|tilføjet|mads
2018-11-12-14:29|bitch191|tilføjet|mads
2018-11-12-14:29|bitch192|tilføjet|mads
2018-11-12-14:29|bitch193|tilføjet|mads
2018-11-12-14:29|bitch194|tilføjet|mads
2018-11-12-14:29|bitch195|tilføjet|mads
2018-11-12-14:29|bitch196|tilføjet|mads
2018-11-12-14:29|bitch197|tilføjet|mads
2018-11-12-14:29|bitch198|tilføjet|mads
2018-11-12-14:29|bitch199|tilføjet|mads
2018-11-12-14:29|bitch200|tilføjet|mads
2018-11-12-14:29|bitch201|tilføjet|mads
2018-11-12-14:29|bitch202|tilføjet|mads
2018-11-12-14:29|bitch203|tilføjet|mads
2018-11-12-14:29|bitch204|tilføjet|mads
2018-11-12-14:29|bitch205|tilføjet|mads
2018-11-12-14:29|bitch206|tilføjet|mads
2018-11-12-14:29|bitch207|tilføjet|mads
2018-11-12-14:29|bitch208|tilføjet|mads
2018-11-12-14:29|bitch209|tilføjet|mads
2018-11-12-14:29|bitch210|tilføjet|mads
2018-11-12-14:29|bitch211|tilføjet|mads
2018-11-12-14:29|bitch212|tilføjet|mads
2018-11-12-14:29|bitch213|tilføjet|mads
2018-11-12-14:29|bitch214|tilføjet|mads
2018-11-12-14:29|bitch215|tilføjet|mads
2018-11-12-14:29|bitch216|tilføjet|mads
2018-11-12-14:29|bitch217|tilføjet|mads
2018-11-12-14:29|bitch218|tilføjet|mads
2018-11-12-14:29|bitch219|tilføjet|mads
2018-11-12-14:29|bitch220|tilføjet|mads
2018-11-12-14:29|bitch221|tilføjet|mads
2018-11-12-14:29|bitch222|tilføjet|mads
2018-11-12-14:29|bitch223|tilføjet|mads
2018-11-12-14:29|bitch224|tilføjet|mads
2018-11-12-14:29|bitch225|tilføjet|mads
2018-11-12-14:29|bitch226|tilføjet|mads
2018-11-12-14:29|bitch227|tilføjet|mads
2018-11-12-14:29|bitch228|tilføjet|mads
2018-11-12-14:29|bitch229|tilføjet|mads
2018-11-12-14:29|bitch230|tilføjet|mads
2018-11-12-14:29|bitch231|tilføjet|mads
2018-11-12-14:29|bitch232|tilføjet|mads
2018-11-12-14:29|bitch233|tilføjet|mads
2018-11-12-14:29|bitch234|tilføjet|mads
2018-11-12-14:29|bitch235|tilføjet|mads
2018-11-12-14:29|bitch236|tilføjet|mads
2018-11-12-14:29|bitch237|tilføjet|mads
2018-11-12-14:29|bitch238|tilføjet|mads
2018-11-12-14:29|bitch239|tilføjet|mads
2018-11-12-14:29|bitch240|tilføjet|mads
2018-11-12-14:29|bitch241|tilføjet|mads
2018-11-12-14:29|bitch242|tilføjet|mads
2018-11-12-14:29|bitch243|tilføjet|mads
2018-11-12-14:29|bitch244|tilføjet|mads
2018-11-12-14:29|bitch245|tilføjet|mads
2018-11-12-14:29|bitch246|tilføjet|mads
2018-11-12-14:29|bitch247|tilføjet|mads
2018-11-12-14:29|bitch248|tilføjet|mads
2018-11-12-14:29|bitch249|tilføjet|mads
2018-11-12-14:29|bitch250|tilføjet|mads
2018-11-12-14:29|bitch251|tilføjet|mads
2018-11-12-14:29|bitch252|tilføjet|mads
2018-11-12-14:29|bitch253|tilføjet|mads
2018-11-12-14:29|bitch254|tilføjet|mads
2018-11-12-14:29|bitch255|tilføjet|mads
2018-11-12-14:29|bitch256|tilføjet|mads
2018-11-12-14:29|bitch257|tilføjet|mads
2018-11-12-14:29|bitch258|tilføjet|mads
2018-11-12-14:29|bitch259|tilføjet|mads
2018-11-12-14:29|bitch260|tilføjet|mads
2018-11-12-14:29|bitch261|tilføjet|mads
2018-11-12-14:29|bitch262|tilføjet|mads
2018-11-12-14:29|bitch263|tilføjet|mads
2018-11-12-14:29|bitch264|tilføjet|mads
2018-11-12-14:29|bitch265|tilføjet|mads
2018-11-12-14:29|bitch266|tilføjet|mads
2018-11-12-14:29|bitch267|tilføjet|mads
2018-11-12-14:29|bitch268|tilføjet|mads
2018-11-12-14:29|bitch269|tilføjet|mads
2018-11-12-14:29|bitch270|tilføjet|mads
2018-11-12-14:29|bitch271|tilføjet|mads
2018-11-12-14:29|bitch272|tilføjet|mads
2018-11-12-14:29|bitch273|tilføjet|mads
2018-11-12-14:29|bitch274|tilføjet|mads
2018-11-12-14:29|bitch275|tilføjet|mads
2018-11-12-14:29|bitch276|tilføjet|mads
2018-11-12-14:29|bitch277|tilføjet|mads
2018-11-12-14:29|bitch278|tilføjet|mads
2018-11-12-14:29|bitch279|tilføjet|mads
2018-11-12-14:29|bitch280|tilføjet|mads
2018-11-12-14:29|bitch281|tilføjet|mads
2018-11-12-14:29|bitch282|tilføjet|mads
2018-11-12-14:29|bitch283|tilføjet|mads
2018-11-12-14:29|bitch284|tilføjet|mads
2018-11-12-14:29|bitch285|tilføjet|mads
2018-11-12-14:29|bitch286|tilføjet|mads
2018-11-12-14:29|bitch287|tilføjet|mads
2018-11-12-14:29|bitch288|tilføjet|mads
2018-11-12-14:29|bitch289|tilføjet|mads
2018-11-12-14:29|bitch290|tilføjet|mads
2018-11-12-14:29|bitch291|tilføjet|mads
2018-11-12-14:29|bitch292|tilføjet|mads
2018-11-12-14:29|bitch293|tilføjet|mads
2018-11-12-14:29|bitch294|tilføjet|mads
2018-11-12-14:29|bitch295|tilføjet|mads
2018-11-12-14:29|bitch296|tilføjet|mads
2018-11-12-14:29|bitch297|tilføjet|mads
2018-11-12-14:29|bitch298|tilføjet|mads
2018-11-12-14:29|bitch299|tilføjet|mads
2018-11-12-14:29|bitch300|tilføjet|mads
2018-11-12-14:29|bitch301|tilføjet|mads
2018-11-12-14:29|bitch302|tilføjet|mads
2018-11-12-14:29|bitch303|tilføjet|mads
2018-11-12-14:29|bitch304|tilføjet|mads
2018-11-12-14:29|bitch305|tilføjet|mads
2018-11-12-14:29|bitch306|tilføjet|mads
2018-11-12-14:29|bitch307|tilføjet|mads
2018-11-12-14:29|bitch308|tilføjet|mads
2018-11-12-14:29|bitch309|tilføjet|mads
2018-11-12-14:29|bitch310|tilføjet|mads
2018-11-12-14:29|bitch311|tilføjet|mads
2018-11-12-14:29|bitch312|tilføjet|mads
2018-11-12-14:29|bitch313|tilføjet|mads
2018-11-12-14:29|bitch314|tilføjet|mads
2018-11-12-14:29|bitch315|tilføjet|mads
2018-11-12-14:29|bitch316|tilføjet|mads
2018-11-12-14:29|bitch317|tilføjet|mads
2018-11-12-14:29|bitch318|tilføjet|mads
2018-11-12-14:29|bitch319|tilføjet|mads
2018-11-12-14:29|bitch320|tilføjet|mads
2018-11-12-14:29|bitch321|tilføjet|mads
2018-11-12-14:29|bitch322|tilføjet|mads
2018-11-12-14:29|bitch323|tilføjet|mads
2018-11-12-14:29|bitch324|tilføjet|mads
2018-11-12-14:29|bitch325|tilføjet|mads
2018-11-12-14:29|bitch326|tilføjet|mads
2018-11-12-14:29|bitch327|tilføjet|mads
2018-11-12-14:29|bitch328|tilføjet|mads
2018-11-12-14:29|bitch329|tilføjet|mads
2018-11-12-14:29|bitch330|tilføjet|mads
2018-11-12-14:29|bitch331|tilføjet|mads
2018-11-12-14:29|bitch332|tilføjet|mads
2018-11-12-14:29|bitch333|tilføjet|mads
2018-11-12-14:29|bitch334|tilføjet|mads
2018-11-12-14:29|bitch335|tilføjet|mads
2018-11-12-14:29|bitch336|tilføjet|mads
2018-11-12-14:29|bitch337|tilføjet|mads
2018-11-12-14:29|bitch338|tilføjet|mads
2018-11-12-14:29|bitch339|tilføjet|mads
2018-11-12-14:29|bitch340|tilføjet|mads
2018-11-12-14:29|bitch341|tilføjet|mads
2018-11-12-14:29|bitch342|tilføjet|mads
2018-11-12-14:29|bitch343|tilføjet|mads
2018-11-12-14:29|bitch344|tilføjet|mads
2018-11-12-14:29|bitch345|tilføjet|mads
2018-11-12-14:29|bitch346|tilføjet|mads
2018-11-12-14:29|bitch347|tilføjet|mads
2018-11-12-14:29|bitch348|tilføjet|mads
2018-11-12-14:29|bitch349|tilføjet|mads
2018-11-12-14:29|bitch350|tilføjet|mads
2018-11-12-14:29|bitch351|tilføjet|mads
2018-11-12-14:29|bitch352|tilføjet|mads
2018-11-12-14:29|bitch353|tilføjet|mads
2018-11-12-14:29|bitch354|tilføjet|mads
2018-11-12-14:29|bitch355|tilføjet|mads
2018-11-12-14:29|bitch356|tilføjet|mads
2018-11-12-14:29|bitch357|tilføjet|mads
2018-11-12-14:29|bitch358|tilføjet|mads
2018-11-12-14:29|bitch359|tilføjet|mads
2018-11-12-14:29|bitch360|tilføjet|mads
2018-11-12-14:29|bitch361|tilføjet|mads
2018-11-12-14:29|bitch362|tilføjet|mads
2018-11-12-14:29|bitch363|tilføjet|mads
2018-11-12-14:29|bitch364|tilføjet|mads
2018-11-12-14:29|bitch365|tilføjet|mads
2018-11-12-14:29|bitch366|tilføjet|mads
2018-11-12-14:29|bitch367|tilføjet|mads
2018-11-12-14:29|bitch368|tilføjet|mads
2018-11-12-14:29|bitch369|tilføjet|mads
2018-11-12-14:29|bitch370|tilføjet|mads
2018-11-12-14:29|bitch371|tilføjet|mads
2018-11-12-14:29|bitch372|tilføjet|mads
2018-11-12-14:29|bitch373|tilføjet|mads
2018-11-12-14:29|bitch374|tilføjet|mads
2018-11-12-14:29|bitch375|tilføjet|mads
2018-11-12-14:29|bitch376|tilføjet|mads
2018-11-12-14:29|bitch377|tilføjet|mads
2018-11-12-14:29|bitch378|tilføjet|mads
2018-11-12-14:29|bitch379|tilføjet|mads
2018-11-12-14:29|bitch380|tilføjet|mads
2018-11-12-14:29|bitch381|tilføjet|mads
2018-11-12-14:29|bitch382|tilføjet|mads
2018-11-12-14:29|bitch383|tilføjet|mads
2018-11-12-14:29|bitch384|tilføjet|mads
2018-11-12-14:29|bitch385|tilføjet|mads
2018-11-12-14:29|bitch386|tilføjet|mads
2018-11-12-14:29|bitch387|tilføjet|mads
2018-11-12-14:29|bitch388|tilføjet|mads
2018-11-12-14:29|bitch389|tilføjet|mads
2018-11-12-14:29|bitch390|tilføjet|mads
2018-11-12-14:29|bitch391|tilføjet|mads
2018-11-12-14:29|bitch392|tilføjet|mads
2018-11-12-14:29|bitch393|tilføjet|mads
2018-11-12-14:29|bitch394|tilføjet|mads
2018-11-12-14:29|bitch395|tilføjet|mads
2018-11-12-14:29|bitch396|tilføjet|mads
2018-11-12-14:29|bitch397|tilføjet|mads
2018-11-12-14:29|bitch398|tilføjet|mads
2018-11-12-14:29|bitch399|tilføjet|mads
2018-11-12-14:29|bitch400|tilføjet|mads
2018-11-12-14:29|bitch401|tilføjet|mads
2018-11-12-14:29|bitch402|tilføjet|mads
2018-11-12-14:29|bitch403|tilføjet|mads
2018-11-12-14:29|bitch404|tilføjet|mads
2018-11-12-14:29|bitch405|tilføjet|mads
2018-11-12-14:29|bitch406|tilføjet|mads
2018-11-12-14:29|bitch407|tilføjet|mads
2018-11-12-14:29|bitch408|tilføjet|mads
2018-11-12-14:29|bitch409|tilføjet|mads
2018-11-12-14:29|bitch410|tilføjet|mads
2018-11-12-14:29|bitch411|tilføjet|mads
2018-11-12-14:29|bitch412|tilføjet|mads
2018-11-12-14:29|bitch413|tilføjet|mads
2018-11-12-14:29|bitch414|tilføjet|mads
2018-11-12-14:29|bitch415|tilføjet|mads
2018-11-12-14:29|bitch416|tilføjet|mads
2018-11-12-14:29|bitch417|tilføjet|mads
2018-11-12-14:29|bitch418|tilføjet|mads
2018-11-12-14:29|bitch419|tilføjet|mads
2018-11-12-14:29|bitch420|tilføjet|mads
2018-11-12-14:29|bitch421|tilføjet|mads
2018-11-12-14:29|bitch422|tilføjet|mads
2018-11-12-14:29|bitch423|tilføjet|mads
2018-11-12-14:29|bitch424|tilføjet|mads
2018-11-12-14:29|bitch425|tilføjet|mads
2018-11-12-14:29|bitch426|tilføjet|mads
2018-11-12-14:29|bitch427|tilføjet|mads
2018-11-12-14:29|bitch428|tilføjet|mads
2018-11-12-14:29|bitch429|tilføjet|mads
2018-11-12-14:29|bitch430|tilføjet|mads
2018-11-12-14:29|bitch431|tilføjet|mads
2018-11-12-14:29|bitch432|tilføjet|mads
2018-11-12-14:29|bitch433|tilføjet|mads
2018-11-12-14:29|bitch434|tilføjet|mads
2018-11-12-14:29|bitch435|tilføjet|mads
2018-11-12-14:29|bitch436|tilføjet|mads
2018-11-12-14:29|bitch437|tilføjet|mads
2018-11-12-14:29|bitch438|tilføjet|mads
2018-11-12-14:29|bitch439|tilføjet|mads
2018-11-12-14:29|bitch440|tilføjet|mads
2018-11-12-14:29|bitch441|tilføjet|mads
2018-11-12-14:29|bitch442|tilføjet|mads
2018-11-12-14:29|bitch443|tilføjet|mads
2018-11-12-14:29|bitch444|tilføjet|mads
2018-11-12-14:29|bitch445|tilføjet|mads
2018-11-12-14:29|bitch446|tilføjet|mads
2018-11-12-14:29|bitch447|tilføjet|mads
2018-11-12-14:29|bitch448|tilføjet|mads
2018-11-12-14:29|bitch449|tilføjet|mads
2018-11-12-14:29|bitch450|tilføjet|mads
2018-11-12-14:29|bitch451|tilføjet|mads
2018-11-12-14:29|bitch452|tilføjet|mads
2018-11-12-14:29|bitch453|tilføjet|mads
2018-11-12-14:29|bitch454|tilføjet|mads
2018-11-12-14:29|bitch455|tilføjet|mads
2018-11-12-14:29|bitch456|tilføjet|mads
2018-11-12-14:29|bitch457|tilføjet|mads
2018-11-12-14:29|bitch458|tilføjet|mads
2018-11-12-14:29|bitch459|tilføjet|mads
2018-11-12-14:29|bitch460|tilføjet|mads
2018-11-12-14:29|bitch461|tilføjet|mads
2018-11-12-14:29|bitch462|tilføjet|mads
2018-11-12-14:29|bitch463|tilføjet|mads
2018-11-12-14:29|bitch464|tilføjet|mads
2018-11-12-14:29|bitch465|tilføjet|mads
2018-11-12-14:29|bitch466|tilføjet|mads
2018-11-12-14:29|bitch467|tilføjet|mads
2018-11-12-14:29|bitch468|tilføjet|mads
2018-11-12-14:29|bitch469|tilføjet|mads
2018-11-12-14:29|bitch470|tilføjet|mads
2018-11-12-14:29|bitch471|tilføjet|mads
2018-11-12-14:29|bitch472|tilføjet|mads
2018-11-12-14:29|bitch473|tilføjet|mads
2018-11-12-14:29|bitch474|tilføjet|mads
2018-11-12-14:29|bitch475|tilføjet|mads
2018-11-12-14:29|bitch476|tilføjet|mads
2018-11-12-14:29|bitch477|tilføjet|mads
2018-11-12-14:29|bitch478|tilføjet|mads
2018-11-12-14:29|bitch479|tilføjet|mads
2018-11-12-14:29|bitch480|tilføjet|mads
2018-11-12-14:29|bitch481|tilføjet|mads
2018-11-12-14:29|bitch482|tilføjet|mads
2018-11-12-14:29|bitch483|tilføjet|mads
2018-11-12-14:29|bitch484|tilføjet|mads
2018-11-12-14:29|bitch485|tilføjet|mads
2018-11-12-14:29|bitch486|tilføjet|mads
2018-11-12-14:29|bitch487|tilføjet|mads
2018-11-12-14:29|bitch488|tilføjet|mads
2018-11-12-14:29|bitch489|tilføjet|mads
2018-11-12-14:29|bitch490|tilføjet|mads
2018-11-12-14:29|bitch491|tilføjet|mads
2018-11-12-14:29|bitch492|tilføjet|mads
2018-11-12-14:29|bitch493|tilføjet|mads
2018-11-12-14:29|bitch494|tilføjet|mads
2018-11-12-14:29|bitch495|tilføjet|mads
2018-11-12-14:29|bitch496|tilføjet|mads
2018-11-12-14:29|bitch497|tilføjet|mads
2018-11-12-14:29|bitch498|tilføjet|mads
2018-11-12-14:29|bitch499|tilføjet|mads
2018-11-12-14:29|bitch500|tilføjet|mads
2018-11-12-14:29|bitch501|tilføjet|mads
2018-11-12-14:29|bitch502|tilføjet|mads
2018-11-12-14:29|bitch503|tilføjet|mads
2018-11-12-14:29|bitch504|tilføjet|mads
2018-11-12-14:29|bitch505|tilføjet|mads
2018-11-12-14:29|bitch506|tilføjet|mads
2018-11-12-14:29|bitch507|tilføjet|mads
2018-11-12-14:29|bitch508|tilføjet|mads
2018-11-12-14:29|bitch509|tilføjet|mads
2018-11-12-14:29|bitch510|tilføjet|mads
2018-11-12-14:29|bitch511|tilføjet|mads
2018-11-12-14:29|bitch512|tilføjet|mads
2018-11-12-14:29|bitch513|tilføjet|mads
2018-11-12-14:29|bitch514|tilføjet|mads
2018-11-12-14:29|bitch515|tilføjet|mads
2018-11-12-14:29|bitch516|tilføjet|mads
2018-11-12-14:29|bitch517|tilføjet|mads
2018-11-12-14:29|bitch518|tilføjet|mads
2018-11-12-14:29|bitch519|tilføjet|mads
2018-11-12-14:29|bitch520|tilføjet|mads
2018-11-12-14:29|bitch521|tilføjet|mads
2018-11-12-14:29|bitch522|tilføjet|mads
2018-11-12-14:29|bitch523|tilføjet|mads
2018-11-12-14:29|bitch524|tilføjet|mads
2018-11-12-14:29|bitch525|tilføjet|mads
2018-11-12-14:29|bitch526|tilføjet|mads
2018-11-12-14:29|bitch527|tilføjet|mads
2018-11-12-14:29|bitch528|tilføjet|mads
2018-11-12-14:29|bitch529|tilføjet|mads
2018-11-12-14:29|bitch530|tilføjet|mads
2018-11-12-14:29|bitch531|tilføjet|mads
2018-11-12-14:29|bitch532|tilføjet|mads
2018-11-12-14:29|bitch533|tilføjet|mads
2018-11-12-14:29|bitch534|tilføjet|mads
2018-11-12-14:29|bitch535|tilføjet|mads
2018-11-12-14:29|bitch536|tilføjet|mads
2018-11-12-14:29|bitch537|tilføjet|mads
2018-11-12-14:29|bitch538|tilføjet|mads
2018-11-12-14:29|bitch539|tilføjet|mads
2018-11-12-14:29|bitch540|tilføjet|mads
2018-11-12-14:29|bitch541|tilføjet|mads
2018-11-12-14:29|bitch542|tilføjet|mads
2018-11-12-14:29|bitch543|tilføjet|mads
2018-11-12-14:29|bitch544|tilføjet|mads
2018-11-12-14:29|bitch545|tilføjet|mads
2018-11-12-14:29|bitch546|tilføjet|mads
2018-11-12-14:29|bitch547|tilføjet|mads
2018-11-12-14:29|bitch548|tilføjet|mads
2018-11-12-14:29|bitch549|tilføjet|mads
2018-11-12-14:29|bitch550|tilføjet|mads
2018-11-12-14:29|bitch551|tilføjet|mads
2018-11-12-14:29|bitch552|tilføjet|mads
2018-11-12-14:29|bitch553|tilføjet|mads
2018-11-12-14:29|bitch554|tilføjet|mads
2018-11-12-14:29|bitch555|tilføjet|mads
2018-11-12-14:29|bitch556|tilføjet|mads
2018-11-12-14:29|bitch557|tilføjet|mads
2018-11-12-14:29|bitch558|tilføjet|mads
2018-11-12-14:29|bitch559|tilføjet|mads
2018-11-12-14:29|bitch560|tilføjet|mads
2018-11-12-14:29|bitch561|tilføjet|mads
2018-11-12-14:29|bitch562|tilføjet|mads
2018-11-12-14:29|bitch563|tilføjet|mads
2018-11-12-14:29|bitch564|tilføjet|mads
2018-11-12-14:29|bitch565|tilføjet|mads
2018-11-12-14:29|bitch566|tilføjet|mads
2018-11-12-14:29|bitch567|tilføjet|mads
2018-11-12-14:29|bitch568|tilføjet|mads
2018-11-12-14:29|bitch569|tilføjet|mads
2018-11-12-14:29|bitch570|tilføjet|mads
2018-11-12-14:29|bitch571|tilføjet|mads
2018-11-12-14:29|bitch572|tilføjet|mads
2018-11-12-14:29|bitch573|tilføjet|mads
2018-11-12-14:29|bitch574|tilføjet|mads
2018-11-12-14:29|bitch575|tilføjet|mads
2018-11-12-14:29|bitch576|tilføjet|mads
2018-11-12-14:29|bitch577|tilføjet|mads
2018-11-12-14:29|bitch578|tilføjet|mads
2018-11-12-14:29|bitch579|tilføjet|mads
2018-11-12-14:29|bitch580|tilføjet|mads
2018-11-12-14:29|bitch581|tilføjet|mads
2018-11-12-14:29|bitch582|tilføjet|mads
2018-11-12-14:29|bitch583|tilføjet|mads
2018-11-12-14:29|bitch584|tilføjet|mads
2018-11-12-14:29|bitch585|tilføjet|mads
2018-11-12-14:29|bitch586|tilføjet|mads
2018-11-12-14:29|bitch587|tilføjet|mads
2018-11-12-14:29|bitch588|tilføjet|mads
2018-11-12-14:29|bitch589|tilføjet|mads
2018-11-12-14:29|bitch590|tilføjet|mads
2018-11-12-14:29|bitch591|tilføjet|mads
2018-11-12-14:29|bitch592|tilføjet|mads
2018-11-12-14:29|bitch593|tilføjet|mads
2018-11-12-14:29|bitch594|tilføjet|mads
2018-11-12-14:29|bitch595|tilføjet|mads
2018-11-12-14:29|bitch596|tilføjet|mads
2018-11-12-14:29|bitch597|tilføjet|mads
2018-11-12-14:29|bitch598|tilføjet|mads
2018-11-12-14:29|bitch599|tilføjet|mads
2018-11-12-14:29|bitch600|tilføjet|mads
2018-11-12-14:29|bitch601|tilføjet|mads
2018-11-12-14:29|bitch602|tilføjet|mads
2018-11-12-14:29|bitch603|tilføjet|mads
2018-11-12-14:29|bitch604|tilføjet|mads
2018-11-12-14:29|bitch605|tilføjet|mads
2018-11-12-14:29|bitch606|tilføjet|mads
2018-11-12-14:29|bitch607|tilføjet|mads
2018-11-12-14:29|bitch608|tilføjet|mads
2018-11-12-14:29|bitch609|tilføjet|mads
2018-11-12-14:29|bitch610|tilføjet|mads
2018-11-12-14:29|bitch611|tilføjet|mads
2018-11-12-14:29|bitch612|tilføjet|mads
2018-11-12-14:29|bitch613|tilføjet|mads
2018-11-12-14:29|bitch614|tilføjet|mads
2018-11-12-14:29|bitch615|tilføjet|mads
2018-11-12-14:29|bitch616|tilføjet|mads
2018-11-12-14:29|bitch617|tilføjet|mads
2018-11-12-14:29|bitch618|tilføjet|mads
2018-11-12-14:29|bitch619|tilføjet|mads
2018-11-12-14:29|bitch620|tilføjet|mads
2018-11-12-14:29|bitch621|tilføjet|mads
2018-11-12-14:29|bitch622|tilføjet|mads
2018-11-12-14:29|bitch623|tilføjet|mads
2018-11-12-14:29|bitch624|tilføjet|mads
2018-11-12-14:29|bitch625|tilføjet|mads
2018-11-12-14:29|bitch626|tilføjet|mads
2018-11-12-14:29|bitch627|tilføjet|mads
2018-11-12-14:29|bitch628|tilføjet|mads
2018-11-12-14:29|bitch629|tilføjet|mads
2018-11-12-14:29|bitch630|tilføjet|mads
2018-11-12-14:29|bitch631|tilføjet|mads
2018-11-12-14:29|bitch632|tilføjet|mads
2018-11-12-14:29|bitch633|tilføjet|mads
2018-11-12-14:29|bitch634|tilføjet|mads
2018-11-12-14:29|bitch635|tilføjet|mads
2018-11-12-14:29|bitch636|tilføjet|mads
2018-11-12-14:29|bitch637|tilføjet|mads
2018-11-12-14:29|bitch638|tilføjet|mads
2018-11-12-14:29|bitch639|tilføjet|mads
2018-11-12-14:29|bitch640|tilføjet|mads
2018-11-12-14:29|bitch641|tilføjet|mads
2018-11-12-14:29|bitch642|tilføjet|mads
2018-11-12-14:29|bitch643|tilføjet|mads
2018-11-12-14:29|bitch644|tilføjet|mads
2018-11-12-14:29|bitch645|tilføjet|mads
2018-11-12-14:29|bitch646|tilføjet|mads
2018-11-12-14:29|bitch647|tilføjet|mads
2018-11-12-14:29|bitch648|tilføjet|mads
2018-11-12-14:29|bitch649|tilføjet|mads
2018-11-12-14:29|bitch650|tilføjet|mads
2018-11-12-14:29|bitch651|tilføjet|mads
2018-11-12-14:29|bitch652|tilføjet|mads
2018-11-12-14:29|bitch653|tilføjet|mads
2018-11-12-14:29|bitch654|tilføjet|mads
2018-11-12-14:29|bitch655|tilføjet|mads
2018-11-12-14:29|bitch656|tilføjet|mads
2018-11-12-14:29|bitch657|tilføjet|mads
2018-11-12-14:29|bitch658|tilføjet|mads
2018-11-12-14:29|bitch659|tilføjet|mads
2018-11-12-14:29|bitch660|tilføjet|mads
2018-11-12-14:29|bitch661|tilføjet|mads
2018-11-12-14:29|bitch662|tilføjet|mads
2018-11-12-14:29|bitch663|tilføjet|mads
2018-11-12-14:29|bitch664|tilføjet|mads
2018-11-12-14:29|bitch665|tilføjet|mads
2018-11-12-14:29|bitch666|tilføjet|mads
2018-11-12-14:29|bitch667|tilføjet|mads
2018-11-12-14:29|bitch668|tilføjet|mads
2018-11-12-14:29|bitch669|tilføjet|mads
2018-11-12-14:29|bitch670|tilføjet|mads
2018-11-12-14:29|bitch671|tilføjet|mads
2018-11-12-14:29|bitch672|tilføjet|mads
2018-11-12-14:29|bitch673|tilføjet|mads
2018-11-12-14:29|bitch674|tilføjet|mads
2018-11-12-14:29|bitch675|tilføjet|mads
2018-11-12-14:29|bitch676|tilføjet|mads
2018-11-12-14:29|bitch677|tilføjet|mads
2018-11-12-14:29|bitch678|tilføjet|mads
2018-11-12-14:29|bitch679|tilføjet|mads
2018-11-12-14:29|bitch680|tilføjet|mads
2018-11-12-14:29|bitch681|tilføjet|mads
2018-11-12-14:29|bitch682|tilføjet|mads
2018-11-12-14:29|bitch683|tilføjet|mads
2018-11-12-14:29|bitch684|tilføjet|mads
2018-11-12-14:29|bitch685|tilføjet|mads
2018-11-12-14:29|bitch686|tilføjet|mads
2018-11-12-14:29|bitch687|tilføjet|mads
2018-11-12-14:29|bitch688|tilføjet|mads
2018-11-12-14:29|bitch689|tilføjet|mads
2018-11-12-14:29|bitch690|tilføjet|mads
2018-11-12-14:29|bitch691|tilføjet|mads
2018-11-12-14:29|bitch692|tilføjet|mads
2018-11-12-14:29|bitch693|tilføjet|mads
2018-11-12-14:29|bitch694|tilføjet|mads
2018-11-12-14:29|bitch695|tilføjet|mads
2018-11-12-14:29|bitch696|tilføjet|mads
2018-11-12-14:29|bitch697|tilføjet|mads
2018-11-12-14:29|bitch698|tilføjet|mads
2018-11-12-14:29|bitch699|tilføjet|mads
2018-11-12-14:29|bitch700|tilføjet|mads
2018-11-12-14:29|bitch701|tilføjet|mads
2018-11-12-14:29|bitch702|tilføjet|mads
2018-11-12-14:29|bitch703|tilføjet|mads
2018-11-12-14:29|bitch704|tilføjet|mads
2018-11-12-14:29|bitch705|tilføjet|mads
2018-11-12-14:29|bitch706|tilføjet|mads
2018-11-12-14:29|bitch707|tilføjet|mads
2018-11-12-14:29|bitch708|tilføjet|mads
2018-11-12-14:29|bitch709|tilføjet|mads
2018-11-12-14:29|bitch710|tilføjet|mads
2018-11-12-14:29|bitch711|tilføjet|mads
2018-11-12-14:29|bitch712|tilføjet|mads
2018-11-12-14:29|bitch713|tilføjet|mads
2018-11-12-14:29|bitch714|tilføjet|mads
2018-11-12-14:29|bitch715|tilføjet|mads
2018-11-12-14:29|bitch716|tilføjet|mads
2018-11-12-14:29|bitch717|tilføjet|mads
2018-11-12-14:29|bitch718|tilføjet|mads
2018-11-12-14:29|bitch719|tilføjet|mads
2018-11-12-14:29|bitch720|tilføjet|mads
2018-11-12-14:29|bitch721|tilføjet|mads
2018-11-12-14:29|bitch722|tilføjet|mads
2018-11-12-14:29|bitch723|tilføjet|mads
2018-11-12-14:29|bitch724|tilføjet|mads
2018-11-12-14:29|bitch725|tilføjet|mads
2018-11-12-14:29|bitch726|tilføjet|mads
2018-11-12-14:29|bitch727|tilføjet|mads
2018-11-12-14:29|bitch728|tilføjet|mads
2018-11-12-14:29|bitch729|tilføjet|mads
2018-11-12-14:29|bitch730|tilføjet|mads
2018-11-12-14:29|bitch731|tilføjet|mads
2018-11-12-14:29|bitch732|tilføjet|mads
2018-11-12-14:29|bitch733|tilføjet|mads
2018-11-12-14:29|bitch734|tilføjet|mads
2018-11-12-14:29|bitch735|tilføjet|mads
2018-11-12-14:29|bitch736|tilføjet|mads
2018-11-12-14:29|bitch737|tilføjet|mads
2018-11-12-14:29|bitch738|tilføjet|mads
2018-11-12-14:29|bitch739|tilføjet|mads
2018-11-12-14:29|bitch740|tilføjet|mads
2018-11-12-14:29|bitch741|tilføjet|mads
2018-11-12-14:29|bitch742|tilføjet|mads
2018-11-12-14:29|bitch743|tilføjet|mads
2018-11-12-14:29|bitch744|tilføjet|mads
2018-11-12-14:29|bitch745|tilføjet|mads
2018-11-12-14:29|bitch746|tilføjet|mads
2018-11-12-14:29|bitch747|tilføjet|mads
2018-11-12-14:29|bitch748|tilføjet|mads
2018-11-12-14:29|bitch749|tilføjet|mads
2018-11-12-14:29|bitch750|tilføjet|mads
2018-11-12-14:29|bitch751|tilføjet|mads
2018-11-12-14:29|bitch752|tilføjet|mads
2018-11-12-14:29|bitch753|tilføjet|mads
2018-11-12-14:29|bitch754|tilføjet|mads
2018-11-12-14:29|bitch755|tilføjet|mads
2018-11-12-14:29|bitch756|tilføjet|mads
2018-11-12-14:29|bitch757|tilføjet|mads
2018-11-12-14:29|bitch758|tilføjet|mads
2018-11-12-14:29|bitch759|tilføjet|mads
2018-11-12-14:29|bitch760|tilføjet|mads
2018-11-12-14:29|bitch761|tilføjet|mads
2018-11-12-14:29|bitch762|tilføjet|mads
2018-11-12-14:29|bitch763|tilføjet|mads
2018-11-12-14:29|bitch764|tilføjet|mads
2018-11-12-14:29|bitch765|tilføjet|mads
2018-11-12-14:29|bitch766|tilføjet|mads
2018-11-12-14:29|bitch767|tilføjet|mads
2018-11-12-14:29|bitch768|tilføjet|mads
2018-11-12-14:29|bitch769|tilføjet|mads
2018-11-12-14:29|bitch770|tilføjet|mads
2018-11-12-14:29|bitch771|tilføjet|mads
2018-11-12-14:29|bitch772|tilføjet|mads
2018-11-12-14:29|bitch773|tilføjet|mads
2018-11-12-14:29|bitch774|tilføjet|mads
2018-11-12-14:29|bitch775|tilføjet|mads
2018-11-12-14:29|bitch776|tilføjet|mads
2018-11-12-14:29|bitch777|tilføjet|mads
2018-11-12-14:29|bitch778|tilføjet|mads
2018-11-12-14:29|bitch779|tilføjet|mads
2018-11-12-14:29|bitch780|tilføjet|mads
2018-11-12-14:29|bitch781|tilføjet|mads
2018-11-12-14:29|bitch782|tilføjet|mads
2018-11-12-14:29|bitch783|tilføjet|mads
2018-11-12-14:29|bitch784|tilføjet|mads
2018-11-12-14:29|bitch785|tilføjet|mads
2018-11-12-14:29|bitch786|tilføjet|mads
2018-11-12-14:29|bitch787|tilføjet|mads
2018-11-12-14:29|bitch788|tilføjet|mads
2018-11-12-14:29|bitch789|tilføjet|mads
2018-11-12-14:29|bitch790|tilføjet|mads
2018-11-12-14:29|bitch791|tilføjet|mads
2018-11-12-14:29|bitch792|tilføjet|mads
2018-11-12-14:29|bitch793|tilføjet|mads
2018-11-12-14:29|bitch794|tilføjet|mads
2018-11-12-14:29|bitch795|tilføjet|mads
2018-11-12-14:29|bitch796|tilføjet|mads
2018-11-12-14:29|bitch797|tilføjet|mads
2018-11-12-14:29|bitch798|tilføjet|mads
2018-11-12-14:29|bitch799|tilføjet|mads
2018-11-12-14:29|bitch800|tilføjet|mads
2018-11-12-14:29|bitch801|tilføjet|mads
2018-11-12-14:29|bitch802|tilføjet|mads
2018-11-12-14:29|bitch803|tilføjet|mads
2018-11-12-14:29|bitch804|tilføjet|mads
2018-11-12-14:29|bitch805|tilføjet|mads
2018-11-12-14:29|bitch806|tilføjet|mads
2018-11-12-14:29|bitch807|tilføjet|mads
2018-11-12-14:29|bitch808|tilføjet|mads
2018-11-12-14:29|bitch809|tilføjet|mads
2018-11-12-14:29|bitch810|tilføjet|mads
2018-11-12-14:29|bitch811|tilføjet|mads
2018-11-12-14:29|bitch812|tilføjet|mads
2018-11-12-14:29|bitch813|tilføjet|mads
2018-11-12-14:29|bitch814|tilføjet|mads
2018-11-12-14:29|bitch815|tilføjet|mads
2018-11-12-14:29|bitch816|tilføjet|mads
2018-11-12-14:29|bitch817|tilføjet|mads
2018-11-12-14:29|bitch818|tilføjet|mads
2018-11-12-14:29|bitch819|tilføjet|mads
2018-11-12-14:29|bitch820|tilføjet|mads
2018-11-12-14:29|bitch821|tilføjet|mads
2018-11-12-14:29|bitch822|tilføjet|mads
2018-11-12-14:29|bitch823|tilføjet|mads
2018-11-12-14:29|bitch824|tilføjet|mads
2018-11-12-14:29|bitch825|tilføjet|mads
2018-11-12-14:29|bitch826|tilføjet|mads
2018-11-12-14:29|bitch827|tilføjet|mads
2018-11-12-14:29|bitch828|tilføjet|mads
2018-11-12-14:29|bitch829|tilføjet|mads
2018-11-12-14:29|bitch830|tilføjet|mads
2018-11-12-14:29|bitch831|tilføjet|mads
2018-11-12-14:29|bitch832|tilføjet|mads
2018-11-12-14:29|bitch833|tilføjet|mads
2018-11-12-14:29|bitch834|tilføjet|mads
2018-11-12-14:29|bitch835|tilføjet|mads
2018-11-12-14:29|bitch836|tilføjet|mads
2018-11-12-14:29|bitch837|tilføjet|mads
2018-11-12-14:29|bitch838|tilføjet|mads
2018-11-12-14:29|bitch839|tilføjet|mads
2018-11-12-14:29|bitch840|tilføjet|mads
2018-11-12-14:29|bitch841|tilføjet|mads
2018-11-12-14:29|bitch842|tilføjet|mads
2018-11-12-14:29|bitch843|tilføjet|mads
2018-11-12-14:29|bitch844|tilføjet|mads
2018-11-12-14:29|bitch845|tilføjet|mads
2018-11-12-14:29|bitch846|tilføjet|mads
2018-11-12-14:29|bitch847|tilføjet|mads
2018-11-12-14:29|bitch848|tilføjet|mads
2018-11-12-14:29|bitch849|tilføjet|mads
2018-11-12-14:29|bitch850|tilføjet|mads
2018-11-12-14:29|bitch851|tilføjet|mads
2018-11-12-14:29|bitch852|tilføjet|mads
2018-11-12-14:29|bitch853|tilføjet|mads
2018-11-12-14:29|bitch854|tilføjet|mads
2018-11-12-14:29|bitch855|tilføjet|mads
2018-11-12-14:29|bitch856|tilføjet|mads
2018-11-12-14:29|bitch857|tilføjet|mads
2018-11-12-14:29|bitch858|tilføjet|mads
2018-11-12-14:29|bitch859|tilføjet|mads
2018-11-12-14:29|bitch860|tilføjet|mads
2018-11-12-14:29|bitch861|tilføjet|mads
2018-11-12-14:29|bitch862|tilføjet|mads
2018-11-12-14:29|bitch863|tilføjet|mads
2018-11-12-14:29|bitch864|tilføjet|mads
2018-11-12-14:29|bitch865|tilføjet|mads
2018-11-12-14:29|bitch866|tilføjet|mads
2018-11-12-14:29|bitch867|tilføjet|mads
2018-11-12-14:29|bitch868|tilføjet|mads
2018-11-12-14:29|bitch869|tilføjet|mads
2018-11-12-14:29|bitch870|tilføjet|mads
2018-11-12-14:29|bitch871|tilføjet|mads
2018-11-12-14:29|bitch872|tilføjet|mads
2018-11-12-14:29|bitch873|tilføjet|mads
2018-11-12-14:29|bitch874|tilføjet|mads
2018-11-12-14:29|bitch875|tilføjet|mads
2018-11-12-14:29|bitch876|tilføjet|mads
2018-11-12-14:29|bitch877|tilføjet|mads
2018-11-12-14:29|bitch878|tilføjet|mads
2018-11-12-14:29|bitch879|tilføjet|mads
2018-11-12-14:29|bitch880|tilføjet|mads
2018-11-12-14:29|bitch881|tilføjet|mads
2018-11-12-14:29|bitch882|tilføjet|mads
2018-11-12-14:29|bitch883|tilføjet|mads
2018-11-12-14:29|bitch884|tilføjet|mads
2018-11-12-14:29|bitch885|tilføjet|mads
2018-11-12-14:29|bitch886|tilføjet|mads
2018-11-12-14:29|bitch887|tilføjet|mads
2018-11-12-14:29|bitch888|tilføjet|mads
2018-11-12-14:29|bitch889|tilføjet|mads
2018-11-12-14:29|bitch890|tilføjet|mads
2018-11-12-14:29|bitch891|tilføjet|mads
2018-11-12-14:29|bitch892|tilføjet|mads
2018-11-12-14:29|bitch893|tilføjet|mads
2018-11-12-14:29|bitch894|tilføjet|mads
2018-11-12-14:29|bitch895|tilføjet|mads
2018-11-12-14:29|bitch896|tilføjet|mads
2018-11-12-14:29|bitch897|tilføjet|mads
2018-11-12-14:29|bitch898|tilføjet|mads
2018-11-12-14:29|bitch899|tilføjet|mads
2018-11-12-14:29|bitch900|tilføjet|mads
2018-11-12-14:29|bitch901|tilføjet|mads
2018-11-12-14:29|bitch902|tilføjet|mads
2018-11-12-14:29|bitch903|tilføjet|mads
2018-11-12-14:29|bitch904|tilføjet|mads
2018-11-12-14:29|bitch905|tilføjet|mads
2018-11-12-14:29|bitch906|tilføjet|mads
2018-11-12-14:29|bitch907|tilføjet|mads
2018-11-12-14:29|bitch908|tilføjet|mads
2018-11-12-14:29|bitch909|tilføjet|mads
2018-11-12-14:29|bitch910|tilføjet|mads
2018-11-12-14:29|bitch911|tilføjet|mads
2018-11-12-14:29|bitch912|tilføjet|mads
2018-11-12-14:29|bitch913|tilføjet|mads
2018-11-12-14:29|bitch914|tilføjet|mads
2018-11-12-14:29|bitch915|tilføjet|mads
2018-11-12-14:29|bitch916|tilføjet|mads
2018-11-12-14:29|bitch917|tilføjet|mads
2018-11-12-14:29|bitch918|tilføjet|mads
2018-11-12-14:29|bitch919|tilføjet|mads
2018-11-12-14:29|bitch920|tilføjet|mads
2018-11-12-14:29|bitch921|tilføjet|mads
2018-11-12-14:29|bitch922|tilføjet|mads
2018-11-12-14:29|bitch923|tilføjet|mads
2018-11-12-14:29|bitch924|tilføjet|mads
2018-11-12-14:29|bitch925|tilføjet|mads
2018-11-12-14:29|bitch926|tilføjet|mads
2018-11-12-14:29|bitch927|tilføjet|mads
2018-11-12-14:29|bitch928|tilføjet|mads
2018-11-12-14:29|bitch929|tilføjet|mads
2018-11-12-14:29|bitch930|tilføjet|mads
2018-11-12-14:29|bitch931|tilføjet|mads
2018-11-12-14:29|bitch932|tilføjet|mads
2018-11-12-14:29|bitch933|tilføjet|mads
2018-11-12-14:29|bitch934|tilføjet|mads
2018-11-12-14:29|bitch935|tilføjet|mads
2018-11-12-14:29|bitch936|tilføjet|mads
2018-11-12-14:29|bitch937|tilføjet|mads
2018-11-12-14:29|bitch938|tilføjet|mads
2018-11-12-14:29|bitch939|tilføjet|mads
2018-11-12-14:29|bitch940|tilføjet|mads
2018-11-12-14:29|bitch941|tilføjet|mads
2018-11-12-14:29|bitch942|tilføjet|mads
2018-11-12-14:29|bitch943|tilføjet|mads
2018-11-12-14:29|bitch944|tilføjet|mads
2018-11-12-14:29|bitch945|tilføjet|mads
2018-11-12-14:29|bitch946|tilføjet|mads
2018-11-12-14:29|bitch947|tilføjet|mads
2018-11-12-14:29|bitch948|tilføjet|mads
2018-11-12-14:29|bitch949|tilføjet|mads
2018-11-12-14:29|bitch950|tilføjet|mads
2018-11-12-14:29|bitch951|tilføjet|mads
2018-11-12-14:29|bitch952|tilføjet|mads
2018-11-12-14:29|bitch953|tilføjet|mads
2018-11-12-14:29|bitch954|tilføjet|mads
2018-11-12-14:29|bitch955|tilføjet|mads
2018-11-12-14:29|bitch956|tilføjet|mads
2018-11-12-14:29|bitch957|tilføjet|mads
2018-11-12-14:29|bitch958|tilføjet|mads
2018-11-12-14:29|bitch959|tilføjet|mads
2018-11-12-14:29|bitch960|tilføjet|mads
2018-11-12-14:29|bitch961|tilføjet|mads
2018-11-12-14:29|bitch962|tilføjet|mads
2018-11-12-14:29|bitch963|tilføjet|mads
2018-11-12-14:29|bitch964|tilføjet|mads
2018-11-12-14:29|bitch965|tilføjet|mads
2018-11-12-14:29|bitch966|tilføjet|mads
2018-11-12-14:29|bitch967|tilføjet|mads
2018-11-12-14:29|bitch968|tilføjet|mads
2018-11-12-14:29|bitch969|tilføjet|mads
2018-11-12-14:29|bitch970|tilføjet|mads
2018-11-12-14:29|bitch971|tilføjet|mads
2018-11-12-14:29|bitch972|tilføjet|mads
2018-11-12-14:29|bitch973|tilføjet|mads
2018-11-12-14:29|bitch974|tilføjet|mads
2018-11-12-14:29|bitch975|tilføjet|mads
2018-11-12-14:29|bitch976|tilføjet|mads
2018-11-12-14:29|bitch977|tilføjet|mads
2018-11-12-14:29|bitch978|tilføjet|mads
2018-11-12-14:29|bitch979|tilføjet|mads
2018-11-12-14:29|bitch980|tilføjet|mads
2018-11-12-14:29|bitch981|tilføjet|mads
2018-11-12-14:29|bitch982|tilføjet|mads
2018-11-12-14:29|bitch983|tilføjet|mads
2018-11-12-14:29|bitch984|tilføjet|mads
2018-11-12-14:29|bitch985|tilføjet|mads
2018-11-12-14:29|bitch986|tilføjet|mads
2018-11-12-14:29|bitch987|tilføjet|mads
2018-11-12-14:29|bitch988|tilføjet|mads
2018-11-12-14:29|bitch989|tilføjet|mads
2018-11-12-14:29|bitch990|tilføjet|mads
2018-11-12-14:29|bitch991|tilføjet|mads
2018-11-12-14:29|bitch992|tilføjet|mads
2018-11-12-14:29|bitch993|tilføjet|mads
2018-11-12-14:29|bitch994|tilføjet|mads
2018-11-12-14:29|bitch995|tilføjet|mads
2018-11-12-14:29|bitch996|tilføjet|mads
2018-11-12-14:29|bitch997|tilføjet|mads
2018-11-12-14:29|bitch998|tilføjet|mads
2018-11-12-14:29|bitch999|tilføjet|mads
