2018-11-20-10:5|7 forsøg.rtf|created|Philip Computer
2018-11-20-10:10|8 forsøg.rtf|created|Philip Computer
2018-11-20-10:15|10 forsøg.rtf|created|Philip Computer
2018-11-20-10:17|10 forsøg.rtf|created|Philip Computer
2018-11-20-10:17|11 forsøg.rtf|created|Philip Computer
2018-11-20-10:20|12 forsøg.rtf|created|Philip Computer
2018-11-20-10:36|13 forsøg.rtf|created|Philip Computer
2018-11-20-10:38|14 forsøg.rtf|created|Philip Computer
2018-11-20-10:38|15 forsøg.rtf|created|Philip Computer
2018-11-20-10:49|16 forsøg.rtf|created|Philip Computer
2018-11-20-10:57|hej5|renamed|Philip Computer
2018-11-20-10:57|opret 9|renamed|Philip Computer
2018-11-20-11:6|11|renamed|Philip Computer
2018-11-20-11:6|12|renamed|Philip Computer
2018-11-20-11:11|14|renamed|Philip Computer
2018-11-20-11:12|15|renamed|Philip Computer
2018-11-20-11:13|16|renamed|Philip Computer
2018-11-20-11:15|17|renamed|Philip Computer
2018-11-20-11:16|18|renamed|Philip Computer
2018-11-20-11:19|19|renamed|Philip Computer
2018-11-20-11:36|16 forsøg.rtf|created|Philip Computer
2018-11-20-11:36|16 forsøg.rtf|created|Philip Computer
2018-11-20-11:38|hejsa|renamed|Philip Computer
2018-11-20-11:38|16 forsøg.rtf|created|Philip Computer
2018-11-20-11:39|hjfksdlkdsa|renamed|Philip Computer
